[forest.mponline.gov.in/eBrochure/eBrochureDetails9877.html]
[backblue.gif]
[fade.gif]
[index.html]
[forest.mponline.gov.in/js/modernizr.custom.js]
[ajax.googleapis.com/ajax/libs/jquery/1.9.1/jquery.min.js]
[forest.mponline.gov.in/js/jQueryRotate.js]
[forest.mponline.gov.in/eBrochure/vendor/bootstrap/js/bootstrap.min.js]
[forest.mponline.gov.in/eBrochure/js/jquery.easing.min.js]
[forest.mponline.gov.in/eBrochure/js/grayscale.js]
[forest.mponline.gov.in/images/INR_White.png]
[forest.mponline.gov.in/images/footer_bg.png]
[forest.mponline.gov.in/images/homenew.png]
[forest.mponline.gov.in/Images/ParkImages/bandhvgarh/WHL Aboli Thosar.jpg]
[forest.mponline.gov.in/Images/ParkImages/bandhvgarh/WHL Mohammed kasim.jpg]
[forest.mponline.gov.in/Images/ParkImages/bandhvgarh/DSC_0230_1.jpg]
[forest.mponline.gov.in/Images/ParkImages/bandhvgarh/DSC_0141.jpg]
[forest.mponline.gov.in/images/booknow_btn.png]
[forest.mponline.gov.in/images/footerlogo.png]
[forest.mponline.gov.in/eBrochure/eBrochureDetails9877.html]
[forest.mponline.gov.in/eBrochure/vendor/bootstrap/fonts/glyphicons-halflings-regular.eot]
[forest.mponline.gov.in/eBrochure/vendor/bootstrap/fonts/glyphicons-halflings-regulard41d.eot]
[forest.mponline.gov.in/eBrochure/vendor/bootstrap/fonts/glyphicons-halflings-regular.woff2]
[forest.mponline.gov.in/eBrochure/vendor/bootstrap/fonts/glyphicons-halflings-regular.woff]
[forest.mponline.gov.in/eBrochure/vendor/bootstrap/fonts/glyphicons-halflings-regular.ttf]
[forest.mponline.gov.in/eBrochure/vendor/bootstrap/css/bootstrap.css]
[forest.mponline.gov.in/eBrochure/vendor/font-awesome/fonts/fontawesome-webfont5b62.eot]
[forest.mponline.gov.in/eBrochure/vendor/font-awesome/fonts/fontawesome-webfontd41d.eot]
[forest.mponline.gov.in/eBrochure/vendor/font-awesome/fonts/fontawesome-webfont5b62.woff2]
[forest.mponline.gov.in/eBrochure/vendor/font-awesome/fonts/fontawesome-webfont5b62.woff]
[forest.mponline.gov.in/eBrochure/vendor/font-awesome/fonts/fontawesome-webfont5b62.ttf]
[forest.mponline.gov.in/eBrochure/vendor/font-awesome/css/font-awesome.css]
[forest.mponline.gov.in/eBrochure/img/DSC_02221.jpg]
[forest.mponline.gov.in/eBrochure/img/downloads-bg.jpg]
[forest.mponline.gov.in/eBrochure/css/grayscale.css]
[forest.mponline.gov.in/eBrochure/vendor/bootstrap/fonts/glyphicons-halflings-regular.svg]
[forest.mponline.gov.in/eBrochure/vendor/font-awesome/fonts/fontawesome-webfont5b62.svg]
